<?xml version="1.0" encoding="UTF-8"?>
<testng-results skipped="0" failed="0" ignored="0" total="1" passed="1">
  <reporter-output>
  </reporter-output>
  <suite name="Default suite" duration-ms="23859" started-at="2018-08-08T07:33:49Z" finished-at="2018-08-08T07:34:13Z">
    <groups>
    </groups>
    <test name="Default test" duration-ms="23859" started-at="2018-08-08T07:33:49Z" finished-at="2018-08-08T07:34:13Z">
      <class name="com.test.Newtest12">
        <test-method status="PASS" signature="beforretest()[pri:0, instance:com.test.Newtest12@3ffc5af1]" name="beforretest" is-config="true" duration-ms="15286" started-at="2018-08-08T07:33:49Z" finished-at="2018-08-08T07:34:05Z">
          <reporter-output>
          </reporter-output>
        </test-method> <!-- beforretest -->
        <test-method status="PASS" signature="testLogin()[pri:0, instance:com.test.Newtest12@3ffc5af1]" name="testLogin" duration-ms="8414" started-at="2018-08-08T07:34:05Z" finished-at="2018-08-08T07:34:13Z">
          <reporter-output>
          </reporter-output>
        </test-method> <!-- testLogin -->
        <test-method status="PASS" signature="afterTest()[pri:0, instance:com.test.Newtest12@3ffc5af1]" name="afterTest" is-config="true" duration-ms="118" started-at="2018-08-08T07:34:13Z" finished-at="2018-08-08T07:34:13Z">
          <reporter-output>
          </reporter-output>
        </test-method> <!-- afterTest -->
      </class> <!-- com.test.Newtest12 -->
    </test> <!-- Default test -->
  </suite> <!-- Default suite -->
</testng-results>
