<?xml version="1.0" encoding="UTF-8"?>
<!-- Generated by org.testng.reporters.JUnitXMLReporter -->
<testsuite hostname="BDC3-DX-BRX4T72" ignored="0" name="Test1" tests="2" failures="1" timestamp="07 Aug 2018 05:20:16 GMT" time="20.095" errors="0">
  <testcase name="testnewtour" time="5.561" classname="com.test.Day4Test"/>
  <testcase name="testnewtour" time="1.645" classname="com.test.Day4Test">
    <failure type="java.lang.AssertionError" message="expected [true] but found [false]">
      <![CDATA[java.lang.AssertionError: expected [true] but found [false]
at com.test.Day4Test.testnewtour(Day4Test.java:38)
... Removed 29 stack frames]]>
    </failure>
  </testcase> <!-- testnewtour -->
</testsuite> <!-- Test1 -->
